c:\users\yizha\desktop\2\imageclassify\x64\debug\vc141.pdb
c:\users\yizha\desktop\2\imageclassify\x64\debug\vc141.idb
c:\users\yizha\desktop\2\imageclassify\x64\debug\taskmanager.obj
c:\users\yizha\desktop\2\imageclassify\x64\debug\ipcclient.obj
c:\users\yizha\desktop\2\imageclassify\x64\debug\imageinterface.obj
c:\users\yizha\desktop\2\imageclassify\x64\debug\imageclassifydlg.obj
c:\users\yizha\desktop\2\imageclassify\x64\debug\imageclassify.obj
c:\users\yizha\desktop\2\imageclassify\x64\debug\imageclassify.pch
c:\users\yizha\desktop\2\imageclassify\x64\debug\pch.obj
c:\users\yizha\desktop\2\imageclassify\x64\debug\logindlg.obj
c:\users\yizha\desktop\2\x64\debug\imageclassify.exe
c:\users\yizha\desktop\2\x64\debug\imageclassify.ilk
c:\users\yizha\desktop\2\x64\debug\imageclassify.pdb
c:\users\yizha\desktop\2\imageclassify\x64\debug\imageclassify.res
c:\users\yizha\desktop\2\imageclassify\x64\debug\imageclassify.tlog\cl.command.1.tlog
c:\users\yizha\desktop\2\imageclassify\x64\debug\imageclassify.tlog\cl.read.1.tlog
c:\users\yizha\desktop\2\imageclassify\x64\debug\imageclassify.tlog\cl.write.1.tlog
c:\users\yizha\desktop\2\imageclassify\x64\debug\imageclassify.tlog\link.command.1.tlog
c:\users\yizha\desktop\2\imageclassify\x64\debug\imageclassify.tlog\link.read.1.tlog
c:\users\yizha\desktop\2\imageclassify\x64\debug\imageclassify.tlog\link.write.1.tlog
c:\users\yizha\desktop\2\imageclassify\x64\debug\imageclassify.tlog\rc.command.1.tlog
c:\users\yizha\desktop\2\imageclassify\x64\debug\imageclassify.tlog\rc.read.1.tlog
c:\users\yizha\desktop\2\imageclassify\x64\debug\imageclassify.tlog\rc.write.1.tlog
